<?xml version="1.0" encoding="UTF-8"?>
<!-- Generated by org.testng.reporters.JUnitXMLReporter -->
<testsuite hostname="at02guvi01" name="MyTest" tests="3" failures="0" timestamp="8 Dec 2016 00:39:31 GMT" time="111.202" errors="0">
  <testcase name="testLogin" time="30.261" classname="test.LoginTest"/>
  <testcase name="testSalesAccecs" time="21.688" classname="test.AccountsSectionTest"/>
  <testcase name="testCreateAccountTest" time="33.012" classname="test.CreateAccountTest"/>
</testsuite> <!-- MyTest -->
